<?xml version="1.0" encoding="UTF-8"?>
<!-- Generated by org.testng.reporters.JUnitXMLReporter -->
<testsuite hostname="IN-D6X7TT2" name="Home Page Test" tests="1" failures="0" timestamp="18 Sep 2021 11:46:23 GMT" time="0.884" errors="0">
  <testcase name="@BeforeMethod beforeMethod" time="0.0" classname="automationTests.HomePageTest">
    <failure type="java.lang.NoSuchMethodError" message="com.google.gson.GsonBuilder.setLenient()Lcom/google/gson/GsonBuilder;">
      <![CDATA[java.lang.NoSuchMethodError: com.google.gson.GsonBuilder.setLenient()Lcom/google/gson/GsonBuilder;
	at org.openqa.selenium.json.Json.<clinit>(Json.java:47)
	at org.openqa.selenium.logging.profiler.HttpProfilerLogEntry.constructMessage(HttpProfilerLogEntry.java:37)
	at org.openqa.selenium.logging.profiler.HttpProfilerLogEntry.<init>(HttpProfilerLogEntry.java:29)
	at org.openqa.selenium.remote.HttpCommandExecutor.execute(HttpCommandExecutor.java:141)
	at org.openqa.selenium.remote.service.DriverCommandExecutor.execute(DriverCommandExecutor.java:83)
	at org.openqa.selenium.remote.RemoteWebDriver.execute(RemoteWebDriver.java:601)
	at org.openqa.selenium.remote.RemoteWebDriver.startSession(RemoteWebDriver.java:219)
	at org.openqa.selenium.remote.RemoteWebDriver.<init>(RemoteWebDriver.java:142)
	at org.openqa.selenium.chrome.ChromeDriver.<init>(ChromeDriver.java:181)
	at org.openqa.selenium.chrome.ChromeDriver.<init>(ChromeDriver.java:168)
	at org.openqa.selenium.chrome.ChromeDriver.<init>(ChromeDriver.java:123)
	at automationTests.TestInitiator.setupDriver(TestInitiator.java:136)
	at automationTests.TestInitiator.beforeMethod(TestInitiator.java:79)
... Removed 26 stack frames]]>
    </failure>
  </testcase> <!-- @BeforeMethod beforeMethod -->
  <testcase name="@AfterMethod afterMethod" time="0.0" classname="automationTests.HomePageTest">
    <skipped/>
  </testcase> <!-- @AfterMethod afterMethod -->
  <testcase name="@AfterTest afterTest" time="0.0" classname="automationTests.HomePageTest">
    <skipped/>
  </testcase> <!-- @AfterTest afterTest -->
  <testcase name="validateSearchResultsForValidCitySearch" time="0.001" classname="automationTests.HomePageTest">
    <skipped/>
  </testcase> <!-- validateSearchResultsForValidCitySearch -->
</testsuite> <!-- Home Page Test -->
